-------------------------------------------------------------
STREAM version $Revision: 5.10 $
-------------------------------------------------------------
This system uses 8 bytes per array element.
-------------------------------------------------------------
Array size = 11748960 (elements), Offset = 0 (elements)
Memory per array = 89.6 MiB (= 0.1 GiB).
Total memory required = 268.9 MiB (= 0.3 GiB).
Each kernel will be executed 10 times.
 The *best* time for each kernel (excluding the first iteration)
 will be used to compute the reported bandwidth.
-------------------------------------------------------------
Your clock granularity/precision appears to be 1 microseconds.
Each test below will take on the order of 11153 microseconds.
   (= 11153 clock ticks)
Increase the size of the arrays if this shows that
you are not getting at least 20 clock ticks per test.
-------------------------------------------------------------
WARNING -- The above is only a rough guideline.
For best results, please be sure you know the
precision of your system timer.
-------------------------------------------------------------
Function    Best Rate MB/s  Avg time     Min time     Max time
Copy:           10789.4     0.018089     0.017423     0.018410
Scale:          10857.9     0.018008     0.017313     0.018223
Add:            11458.7     0.025462     0.024608     0.025896
Triad:          11963.3     0.025201     0.023570     0.025616
-------------------------------------------------------------
Solution Validates: avg error less than 1.000000e-13 on all three arrays
-------------------------------------------------------------
