-------------------------------------------------------------
STREAM version $Revision: 5.10 $
-------------------------------------------------------------
This system uses 8 bytes per array element.
-------------------------------------------------------------
Array size = 1230256 (elements), Offset = 0 (elements)
Memory per array = 9.4 MiB (= 0.0 GiB).
Total memory required = 28.2 MiB (= 0.0 GiB).
Each kernel will be executed 10 times.
 The *best* time for each kernel (excluding the first iteration)
 will be used to compute the reported bandwidth.
-------------------------------------------------------------
Your clock granularity/precision appears to be 1 microseconds.
Each test below will take on the order of 984 microseconds.
   (= 984 clock ticks)
Increase the size of the arrays if this shows that
you are not getting at least 20 clock ticks per test.
-------------------------------------------------------------
WARNING -- The above is only a rough guideline.
For best results, please be sure you know the
precision of your system timer.
-------------------------------------------------------------
Function    Best Rate MB/s  Avg time     Min time     Max time
Copy:           20744.0     0.001030     0.000949     0.001098
Scale:          18746.8     0.001114     0.001050     0.001198
Add:            22150.2     0.001466     0.001333     0.001610
Triad:          20983.0     0.001516     0.001407     0.001637
-------------------------------------------------------------
Solution Validates: avg error less than 1.000000e-13 on all three arrays
-------------------------------------------------------------
