-------------------------------------------------------------
STREAM version $Revision: 5.10 $
-------------------------------------------------------------
This system uses 8 bytes per array element.
-------------------------------------------------------------
Array size = 2754224 (elements), Offset = 0 (elements)
Memory per array = 21.0 MiB (= 0.0 GiB).
Total memory required = 63.0 MiB (= 0.1 GiB).
Each kernel will be executed 10 times.
 The *best* time for each kernel (excluding the first iteration)
 will be used to compute the reported bandwidth.
-------------------------------------------------------------
Your clock granularity/precision appears to be 1 microseconds.
Each test below will take on the order of 3623 microseconds.
   (= 3623 clock ticks)
Increase the size of the arrays if this shows that
you are not getting at least 20 clock ticks per test.
-------------------------------------------------------------
WARNING -- The above is only a rough guideline.
For best results, please be sure you know the
precision of your system timer.
-------------------------------------------------------------
Function    Best Rate MB/s  Avg time     Min time     Max time
Copy:            7582.3     0.005911     0.005812     0.006053
Scale:           7575.4     0.005876     0.005817     0.006046
Add:             8298.9     0.008097     0.007965     0.008268
Triad:           8215.5     0.008189     0.008046     0.008438
-------------------------------------------------------------
Solution Validates: avg error less than 1.000000e-13 on all three arrays
-------------------------------------------------------------
