-------------------------------------------------------------
STREAM version $Revision: 5.10 $
-------------------------------------------------------------
This system uses 8 bytes per array element.
-------------------------------------------------------------
Array size = 3235936 (elements), Offset = 0 (elements)
Memory per array = 24.7 MiB (= 0.0 GiB).
Total memory required = 74.1 MiB (= 0.1 GiB).
Each kernel will be executed 10 times.
 The *best* time for each kernel (excluding the first iteration)
 will be used to compute the reported bandwidth.
-------------------------------------------------------------
Your clock granularity/precision appears to be 1 microseconds.
Each test below will take on the order of 3095 microseconds.
   (= 3095 clock ticks)
Increase the size of the arrays if this shows that
you are not getting at least 20 clock ticks per test.
-------------------------------------------------------------
WARNING -- The above is only a rough guideline.
For best results, please be sure you know the
precision of your system timer.
-------------------------------------------------------------
Function    Best Rate MB/s  Avg time     Min time     Max time
Copy:           10775.0     0.004957     0.004805     0.005077
Scale:          10913.7     0.005048     0.004744     0.005348
Add:            11113.6     0.007178     0.006988     0.007388
Triad:          11209.6     0.007041     0.006928     0.007162
-------------------------------------------------------------
Solution Validates: avg error less than 1.000000e-13 on all three arrays
-------------------------------------------------------------
