-------------------------------------------------------------
STREAM version $Revision: 5.10 $
-------------------------------------------------------------
This system uses 8 bytes per array element.
-------------------------------------------------------------
Array size = 3801888 (elements), Offset = 0 (elements)
Memory per array = 29.0 MiB (= 0.0 GiB).
Total memory required = 87.0 MiB (= 0.1 GiB).
Each kernel will be executed 10 times.
 The *best* time for each kernel (excluding the first iteration)
 will be used to compute the reported bandwidth.
-------------------------------------------------------------
Your clock granularity/precision appears to be 1 microseconds.
Each test below will take on the order of 3678 microseconds.
   (= 3678 clock ticks)
Increase the size of the arrays if this shows that
you are not getting at least 20 clock ticks per test.
-------------------------------------------------------------
WARNING -- The above is only a rough guideline.
For best results, please be sure you know the
precision of your system timer.
-------------------------------------------------------------
Function    Best Rate MB/s  Avg time     Min time     Max time
Copy:           10677.6     0.005946     0.005697     0.006166
Scale:          10488.0     0.005938     0.005800     0.006322
Add:            11346.3     0.008297     0.008042     0.008540
Triad:          11484.9     0.008307     0.007945     0.008611
-------------------------------------------------------------
Solution Validates: avg error less than 1.000000e-13 on all three arrays
-------------------------------------------------------------
