-------------------------------------------------------------
STREAM version $Revision: 5.10 $
-------------------------------------------------------------
This system uses 8 bytes per array element.
-------------------------------------------------------------
Array size = 5248064 (elements), Offset = 0 (elements)
Memory per array = 40.0 MiB (= 0.0 GiB).
Total memory required = 120.1 MiB (= 0.1 GiB).
Each kernel will be executed 10 times.
 The *best* time for each kernel (excluding the first iteration)
 will be used to compute the reported bandwidth.
-------------------------------------------------------------
Your clock granularity/precision appears to be 1 microseconds.
Each test below will take on the order of 4937 microseconds.
   (= 4937 clock ticks)
Increase the size of the arrays if this shows that
you are not getting at least 20 clock ticks per test.
-------------------------------------------------------------
WARNING -- The above is only a rough guideline.
For best results, please be sure you know the
precision of your system timer.
-------------------------------------------------------------
Function    Best Rate MB/s  Avg time     Min time     Max time
Copy:           10250.0     0.008226     0.008192     0.008307
Scale:          10354.9     0.008166     0.008109     0.008333
Add:            11024.4     0.011516     0.011425     0.011652
Triad:          11280.2     0.011260     0.011166     0.011320
-------------------------------------------------------------
Solution Validates: avg error less than 1.000000e-13 on all three arrays
-------------------------------------------------------------
