-------------------------------------------------------------
STREAM version $Revision: 5.10 $
-------------------------------------------------------------
This system uses 8 bytes per array element.
-------------------------------------------------------------
Array size = 6165936 (elements), Offset = 0 (elements)
Memory per array = 47.0 MiB (= 0.0 GiB).
Total memory required = 141.1 MiB (= 0.1 GiB).
Each kernel will be executed 10 times.
 The *best* time for each kernel (excluding the first iteration)
 will be used to compute the reported bandwidth.
-------------------------------------------------------------
Your clock granularity/precision appears to be 1 microseconds.
Each test below will take on the order of 5888 microseconds.
   (= 5888 clock ticks)
Increase the size of the arrays if this shows that
you are not getting at least 20 clock ticks per test.
-------------------------------------------------------------
WARNING -- The above is only a rough guideline.
For best results, please be sure you know the
precision of your system timer.
-------------------------------------------------------------
Function    Best Rate MB/s  Avg time     Min time     Max time
Copy:           10745.5     0.009594     0.009181     0.009678
Scale:          10689.5     0.009754     0.009229     0.009914
Add:            11730.7     0.013243     0.012615     0.013525
Triad:          11703.7     0.013333     0.012644     0.013605
-------------------------------------------------------------
Solution Validates: avg error less than 1.000000e-13 on all three arrays
-------------------------------------------------------------
